2013-07-03 14:25:33.862+0000 INFO  [o.n.k.i.DiagnosticsManager]: --- INITIALIZED diagnostics START ---
2013-07-03 14:25:33.862+0000 INFO  [o.n.k.i.DiagnosticsManager]: Neo4j Kernel properties:
2013-07-03 14:25:33.862+0000 INFO  [o.n.k.i.DiagnosticsManager]: neostore.propertystore.db.mapped_memory=375M
2013-07-03 14:25:33.862+0000 INFO  [o.n.k.i.DiagnosticsManager]: neostore.nodestore.db.mapped_memory=104M
2013-07-03 14:25:33.862+0000 INFO  [o.n.k.i.DiagnosticsManager]: allow_store_upgrade=false
2013-07-03 14:25:33.862+0000 INFO  [o.n.k.i.DiagnosticsManager]: neostore.relationshipstore.db.mapped_memory=459M
2013-07-03 14:25:33.862+0000 INFO  [o.n.k.i.DiagnosticsManager]: neostore.propertystore.db.strings.mapped_memory=318M
2013-07-03 14:25:33.862+0000 INFO  [o.n.k.i.DiagnosticsManager]: store_dir=/Users/chrisfitzpatrick/code/neo4j-test-app/db/ha_neo_2/temp-copy
2013-07-03 14:25:33.862+0000 INFO  [o.n.k.i.DiagnosticsManager]: keep_logical_logs=true
2013-07-03 14:25:33.862+0000 INFO  [o.n.k.i.DiagnosticsManager]: neostore.propertystore.db.arrays.mapped_memory=361M
2013-07-03 14:25:33.862+0000 INFO  [o.n.k.i.DiagnosticsManager]: ephemeral=false
2013-07-03 14:25:33.862+0000 INFO  [o.n.k.i.DiagnosticsManager]: Diagnostics providers:
2013-07-03 14:25:33.862+0000 INFO  [o.n.k.i.DiagnosticsManager]: org.neo4j.kernel.configuration.Config
2013-07-03 14:25:33.862+0000 INFO  [o.n.k.i.DiagnosticsManager]: org.neo4j.kernel.info.DiagnosticsManager
2013-07-03 14:25:33.862+0000 INFO  [o.n.k.i.DiagnosticsManager]: SYSTEM_MEMORY
2013-07-03 14:25:33.863+0000 INFO  [o.n.k.i.DiagnosticsManager]: JAVA_MEMORY
2013-07-03 14:25:33.863+0000 INFO  [o.n.k.i.DiagnosticsManager]: OPERATING_SYSTEM
2013-07-03 14:25:33.863+0000 INFO  [o.n.k.i.DiagnosticsManager]: JAVA_VIRTUAL_MACHINE
2013-07-03 14:25:33.863+0000 INFO  [o.n.k.i.DiagnosticsManager]: CLASSPATH
2013-07-03 14:25:33.863+0000 INFO  [o.n.k.i.DiagnosticsManager]: LIBRARY_PATH
2013-07-03 14:25:33.863+0000 INFO  [o.n.k.i.DiagnosticsManager]: SYSTEM_PROPERTIES
2013-07-03 14:25:33.863+0000 INFO  [o.n.k.i.DiagnosticsManager]: NETWORK
2013-07-03 14:25:33.863+0000 INFO  [o.n.k.i.DiagnosticsManager]: NodeCache
2013-07-03 14:25:33.863+0000 INFO  [o.n.k.i.DiagnosticsManager]: RelationshipCache
2013-07-03 14:25:33.863+0000 INFO  [o.n.k.i.DiagnosticsManager]: System memory information:
2013-07-03 14:25:33.863+0000 INFO  [o.n.k.i.DiagnosticsManager]: Total Physical memory: 4.00 GB
2013-07-03 14:25:33.863+0000 INFO  [o.n.k.i.DiagnosticsManager]: Free Physical memory: 76.20 MB
2013-07-03 14:25:33.864+0000 INFO  [o.n.k.i.DiagnosticsManager]: Committed virtual memory: 3.19 GB
2013-07-03 14:25:33.864+0000 INFO  [o.n.k.i.DiagnosticsManager]: Total swap space: 5.00 GB
2013-07-03 14:25:33.864+0000 INFO  [o.n.k.i.DiagnosticsManager]: Free swap space: 443.00 MB
2013-07-03 14:25:33.864+0000 INFO  [o.n.k.i.DiagnosticsManager]: JVM memory information:
2013-07-03 14:25:33.864+0000 INFO  [o.n.k.i.DiagnosticsManager]: Free  memory: 17.32 MB
2013-07-03 14:25:33.864+0000 INFO  [o.n.k.i.DiagnosticsManager]: Total memory: 81.06 MB
2013-07-03 14:25:33.865+0000 INFO  [o.n.k.i.DiagnosticsManager]: Max   memory: 493.75 MB
2013-07-03 14:25:33.865+0000 INFO  [o.n.k.i.DiagnosticsManager]: Garbage Collector: ParNew: [Par Eden Space, Par Survivor Space]
2013-07-03 14:25:33.865+0000 INFO  [o.n.k.i.DiagnosticsManager]: Garbage Collector: ConcurrentMarkSweep: [Par Eden Space, Par Survivor Space, CMS Old Gen, CMS Perm Gen]
2013-07-03 14:25:33.865+0000 INFO  [o.n.k.i.DiagnosticsManager]: Memory Pool: Code Cache (Non-heap memory): committed=4.38 MB, used=3.97 MB, max=48.00 MB, threshold=0.00 B
2013-07-03 14:25:33.865+0000 INFO  [o.n.k.i.DiagnosticsManager]: Memory Pool: Par Eden Space (Heap memory): committed=16.63 MB, used=12.22 MB, max=50.00 MB, threshold=?
2013-07-03 14:25:33.866+0000 INFO  [o.n.k.i.DiagnosticsManager]: Memory Pool: Par Survivor Space (Heap memory): committed=2.06 MB, used=1.92 MB, max=6.25 MB, threshold=?
2013-07-03 14:25:33.866+0000 INFO  [o.n.k.i.DiagnosticsManager]: Memory Pool: CMS Old Gen (Heap memory): committed=62.38 MB, used=49.59 MB, max=437.50 MB, threshold=0.00 B
2013-07-03 14:25:33.866+0000 INFO  [o.n.k.i.DiagnosticsManager]: Memory Pool: CMS Perm Gen (Non-heap memory): committed=62.69 MB, used=49.86 MB, max=82.00 MB, threshold=0.00 B
2013-07-03 14:25:33.866+0000 INFO  [o.n.k.i.DiagnosticsManager]: Operating system information:
2013-07-03 14:25:33.867+0000 INFO  [o.n.k.i.DiagnosticsManager]: Operating System: Mac OS X; version: 10.8.4; arch: x86_64; cpus: 4
2013-07-03 14:25:33.867+0000 INFO  [o.n.k.i.DiagnosticsManager]: Max number of file descriptors: 10240
2013-07-03 14:25:33.867+0000 INFO  [o.n.k.i.DiagnosticsManager]: Number of open file descriptors: 147
2013-07-03 14:25:33.867+0000 INFO  [o.n.k.i.DiagnosticsManager]: Process id: 92395@t174.wmu.se
2013-07-03 14:25:33.867+0000 INFO  [o.n.k.i.DiagnosticsManager]: Byte order: LITTLE_ENDIAN
2013-07-03 14:25:33.867+0000 INFO  [o.n.k.i.DiagnosticsManager]: Local timezone: Europe/Stockholm
2013-07-03 14:25:33.867+0000 INFO  [o.n.k.i.DiagnosticsManager]: JVM information:
2013-07-03 14:25:33.867+0000 INFO  [o.n.k.i.DiagnosticsManager]: VM Name: Java HotSpot(TM) 64-Bit Server VM
2013-07-03 14:25:33.867+0000 INFO  [o.n.k.i.DiagnosticsManager]: VM Vendor: Apple Inc.
2013-07-03 14:25:33.867+0000 INFO  [o.n.k.i.DiagnosticsManager]: VM Version: 20.45-b01-451
2013-07-03 14:25:33.867+0000 INFO  [o.n.k.i.DiagnosticsManager]: JIT compiler: HotSpot 64-Bit Tiered Compilers
2013-07-03 14:25:33.868+0000 INFO  [o.n.k.i.DiagnosticsManager]: VM Arguments: [-Djdk.home=, -Djruby.home=/Users/chrisfitzpatrick/.rvm/rubies/jruby-1.7.2, -Djruby.script=jruby, -Djruby.shell=/bin/sh, -Djffi.boot.library.path=/Users/chrisfitzpatrick/.rvm/rubies/jruby-1.7.2/lib/native:/Users/chrisfitzpatrick/.rvm/rubies/jruby-1.7.2/lib/native/Darwin, -Xmx500m, -Xss2048k, -Xbootclasspath/a:/Users/chrisfitzpatrick/.rvm/rubies/jruby-1.7.2/lib/jruby.jar, -Dfile.encoding=UTF-8]
2013-07-03 14:25:33.868+0000 INFO  [o.n.k.i.DiagnosticsManager]: Java classpath:
2013-07-03 14:25:33.870+0000 INFO  [o.n.k.i.DiagnosticsManager]:  [bootstrap] /System/Library/Java/JavaVirtualMachines/1.6.0.jdk/Contents/Classes/charsets.jar
2013-07-03 14:25:33.870+0000 INFO  [o.n.k.i.DiagnosticsManager]:  [loader.2] file:/System/Library/Java/Extensions/dns_sd.jar
2013-07-03 14:25:33.870+0000 INFO  [o.n.k.i.DiagnosticsManager]:  [bootstrap] /System/Library/Frameworks/JavaVM.framework/Versions/A/Frameworks/JavaRuntimeSupport.framework/Versions/A/Resources/Java/JavaRuntimeSupport.jar
2013-07-03 14:25:33.871+0000 INFO  [o.n.k.i.DiagnosticsManager]:  [loader.0] file:/Users/chrisfitzpatrick/.rvm/gems/jruby-1.7.2@beacon/gems/neo4j-community-1.9-java/lib/neo4j-community/jars/neo4j-cypher-1.9.jar
2013-07-03 14:25:33.871+0000 INFO  [o.n.k.i.DiagnosticsManager]:  [loader.0] file:/Users/chrisfitzpatrick/.rvm/gems/jruby-1.7.2@beacon/gems/therubyrhino_jar-1.7.4/jar/rhino-1.7R4.jar
2013-07-03 14:25:33.871+0000 INFO  [o.n.k.i.DiagnosticsManager]:  [loader.2] file:/System/Library/Java/Extensions/MRJToolkit.jar
2013-07-03 14:25:33.871+0000 INFO  [o.n.k.i.DiagnosticsManager]:  [loader.0] file:/Users/chrisfitzpatrick/.rvm/gems/jruby-1.7.2@beacon/gems/neo4j-community-1.9-java/lib/neo4j-community/jars/neo4j-jmx-1.9.jar
2013-07-03 14:25:33.871+0000 INFO  [o.n.k.i.DiagnosticsManager]:  [loader.0] file:/Users/chrisfitzpatrick/.rvm/gems/jruby-1.7.2@beacon/gems/neo4j-enterprise-1.9-java/lib/neo4j-enterprise/jars/neo4j-com-1.9.jar
2013-07-03 14:25:33.871+0000 INFO  [o.n.k.i.DiagnosticsManager]:  [loader.2] file:/System/Library/Java/Extensions/vecmath.jar
2013-07-03 14:25:33.871+0000 INFO  [o.n.k.i.DiagnosticsManager]:  [loader.0] file:/Users/chrisfitzpatrick/.rvm/gems/jruby-1.7.2@beacon/gems/torquebox-messaging-2.3.0-java/lib/hornetq-jms-2.2.21.Final.jar
2013-07-03 14:25:33.871+0000 INFO  [o.n.k.i.DiagnosticsManager]:  [loader.2] file:/System/Library/Java/Extensions/libmlib_jai.jnilib
2013-07-03 14:25:33.871+0000 INFO  [o.n.k.i.DiagnosticsManager]:  [loader.0] file:/Users/chrisfitzpatrick/.rvm/gems/jruby-1.7.2@beacon/gems/neo4j-community-1.9-java/lib/neo4j-community/jars/concurrentlinkedhashmap-lru-1.3.1.jar
2013-07-03 14:25:33.871+0000 INFO  [o.n.k.i.DiagnosticsManager]:  [loader.0] file:/Users/chrisfitzpatrick/.rvm/gems/jruby-1.7.2@global/gems/jruby-openssl-0.8.8/lib/shared/jopenssl.jar
2013-07-03 14:25:33.871+0000 INFO  [o.n.k.i.DiagnosticsManager]:  [loader.0] file:/Users/chrisfitzpatrick/.rvm/gems/jruby-1.7.2@global/gems/bouncy-castle-java-1.5.0147/lib/bcpkix-jdk15on-147.jar
2013-07-03 14:25:33.871+0000 INFO  [o.n.k.i.DiagnosticsManager]:  [loader.2] file:/System/Library/Java/JavaVirtualMachines/1.6.0.jdk/Contents/Home/lib/ext/dnsns.jar
2013-07-03 14:25:33.871+0000 INFO  [o.n.k.i.DiagnosticsManager]:  [loader.0] file:/Users/chrisfitzpatrick/.rvm/gems/jruby-1.7.2@beacon/gems/torquebox-cache-2.3.0-java/lib/polyglot-cache-1.12.0.jar
2013-07-03 14:25:33.871+0000 INFO  [o.n.k.i.DiagnosticsManager]:  [bootstrap] /System/Library/Java/JavaVirtualMachines/1.6.0.jdk/Contents/Classes/laf.jar
2013-07-03 14:25:33.871+0000 INFO  [o.n.k.i.DiagnosticsManager]:  [loader.0] file:/Users/chrisfitzpatrick/.rvm/gems/jruby-1.7.2@beacon/gems/torquebox-messaging-2.3.0-java/lib/torquebox-messaging.jar
2013-07-03 14:25:33.871+0000 INFO  [o.n.k.i.DiagnosticsManager]:  [loader.2] file:/System/Library/Java/Extensions/libJ3D.jnilib
2013-07-03 14:25:33.871+0000 INFO  [o.n.k.i.DiagnosticsManager]:  [loader.0] file:/Users/chrisfitzpatrick/.rvm/gems/jruby-1.7.2@beacon/gems/neo4j-enterprise-1.9-java/lib/neo4j-enterprise/jars/neo4j-udc-1.9.jar
2013-07-03 14:25:33.871+0000 INFO  [o.n.k.i.DiagnosticsManager]:  [loader.2] file:/System/Library/Java/Extensions/mlibwrapper_jai.jar
2013-07-03 14:25:33.871+0000 INFO  [o.n.k.i.DiagnosticsManager]:  [loader.0] file:/Users/chrisfitzpatrick/.rvm/gems/jruby-1.7.2@beacon/gems/neo4j-enterprise-1.9-java/lib/neo4j-enterprise/jars/neo4j-backup-1.9.jar
2013-07-03 14:25:33.871+0000 INFO  [o.n.k.i.DiagnosticsManager]:  [bootstrap] /System/Library/Java/JavaVirtualMachines/1.6.0.jdk/Contents/Classes/classes.jar
2013-07-03 14:25:33.871+0000 INFO  [o.n.k.i.DiagnosticsManager]:  [loader.2] file:/System/Library/Java/JavaVirtualMachines/1.6.0.jdk/Contents/Home/lib/ext/localedata.jar
2013-07-03 14:25:33.871+0000 INFO  [o.n.k.i.DiagnosticsManager]:  [loader.2] file:/System/Library/Java/Extensions/QTJava.zip
2013-07-03 14:25:33.871+0000 INFO  [o.n.k.i.DiagnosticsManager]:  [loader.0] file:/Users/chrisfitzpatrick/.rvm/gems/jruby-1.7.2@beacon/gems/neo4j-enterprise-1.9-java/lib/neo4j-enterprise/jars/slf4j-api-1.6.2.jar
2013-07-03 14:25:33.872+0000 INFO  [o.n.k.i.DiagnosticsManager]:  [loader.0] file:/Users/chrisfitzpatrick/.rvm/gems/jruby-1.7.2@beacon/gems/torquebox-cache-2.3.0-java/lib/polyglot-core-1.12.0.jar
2013-07-03 14:25:33.872+0000 INFO  [o.n.k.i.DiagnosticsManager]:  [loader.0] file:/Users/chrisfitzpatrick/.rvm/gems/jruby-1.7.2@beacon/gems/torquebox-naming-2.3.0-java/lib/torquebox-naming.jar
2013-07-03 14:25:33.872+0000 INFO  [o.n.k.i.DiagnosticsManager]:  [loader.0] file:/Users/chrisfitzpatrick/.rvm/gems/jruby-1.7.2@beacon/gems/torquebox-web-2.3.0-java/lib/torquebox-web.jar
2013-07-03 14:25:33.872+0000 INFO  [o.n.k.i.DiagnosticsManager]:  [loader.0] file:/Users/chrisfitzpatrick/.rvm/gems/jruby-1.7.2@beacon/gems/neo4j-enterprise-1.9-java/lib/neo4j-enterprise/jars/logback-classic-0.9.30.jar
2013-07-03 14:25:33.872+0000 INFO  [o.n.k.i.DiagnosticsManager]:  [loader.2] file:/System/Library/Java/Extensions/libJ3DAudio.jnilib
2013-07-03 14:25:33.872+0000 INFO  [o.n.k.i.DiagnosticsManager]:  [loader.2] file:/System/Library/Java/Extensions/libAppleScriptEngine.jnilib
2013-07-03 14:25:33.872+0000 INFO  [o.n.k.i.DiagnosticsManager]:  [loader.0] file:/Users/chrisfitzpatrick/.rvm/gems/jruby-1.7.2@beacon/gems/neo4j-core-2.3.0-java/lib/neo4j-core/jars/neo4jrb-adaptor.jar
2013-07-03 14:25:33.872+0000 INFO  [o.n.k.i.DiagnosticsManager]:  [bootstrap] /System/Library/Java/JavaVirtualMachines/1.6.0.jdk/Contents/Classes/ui.jar
2013-07-03 14:25:33.872+0000 INFO  [o.n.k.i.DiagnosticsManager]:  [loader.0] file:/Users/chrisfitzpatrick/.rvm/gems/jruby-1.7.2@beacon/gems/neo4j-community-1.9-java/lib/neo4j-community/jars/scala-library-2.10.0.jar
2013-07-03 14:25:33.872+0000 INFO  [o.n.k.i.DiagnosticsManager]:  [loader.2] file:/System/Library/Java/Extensions/j3daudio.jar
2013-07-03 14:25:33.872+0000 INFO  [o.n.k.i.DiagnosticsManager]:  [loader.0] file:/Users/chrisfitzpatrick/.rvm/gems/jruby-1.7.2@beacon/gems/torquebox-messaging-2.3.0-java/lib/jboss-jms-api_1.1_spec-1.0.1.Final.jar
2013-07-03 14:25:33.872+0000 INFO  [o.n.k.i.DiagnosticsManager]:  [loader.2] file:/System/Library/Java/Extensions/libJ3DUtils.jnilib
2013-07-03 14:25:33.872+0000 INFO  [o.n.k.i.DiagnosticsManager]:  [classpath + loader.1] file:/Users/chrisfitzpatrick/code/neo4j-test-app/
2013-07-03 14:25:33.872+0000 INFO  [o.n.k.i.DiagnosticsManager]:  [loader.2] file:/System/Library/Java/Extensions/libQTJNative.jnilib
2013-07-03 14:25:33.872+0000 INFO  [o.n.k.i.DiagnosticsManager]:  [loader.0] file:/Users/chrisfitzpatrick/.rvm/gems/jruby-1.7.2@beacon/gems/torquebox-messaging-2.3.0-java/lib/jboss-transaction-api_1.1_spec-1.0.1.Final.jar
2013-07-03 14:25:33.872+0000 INFO  [o.n.k.i.DiagnosticsManager]:  [loader.2] file:/System/Library/Java/Extensions/j3dcore.jar
2013-07-03 14:25:33.872+0000 INFO  [o.n.k.i.DiagnosticsManager]:  [loader.0] file:/Users/chrisfitzpatrick/.rvm/gems/jruby-1.7.2@beacon/gems/neo4j-advanced-1.9-java/lib/neo4j-advanced/jars/neo4j-management-1.9.jar
2013-07-03 14:25:33.872+0000 INFO  [o.n.k.i.DiagnosticsManager]:  [loader.0] file:/Users/chrisfitzpatrick/.rvm/gems/jruby-1.7.2@beacon/gems/neo4j-enterprise-1.9-java/lib/neo4j-enterprise/jars/netty-3.6.3.Final.jar
2013-07-03 14:25:33.872+0000 INFO  [o.n.k.i.DiagnosticsManager]:  [loader.0] file:/Users/chrisfitzpatrick/.rvm/gems/jruby-1.7.2@beacon/gems/neo4j-enterprise-1.9-java/lib/neo4j-enterprise/jars/neo4j-consistency-check-1.9.jar
2013-07-03 14:25:33.872+0000 INFO  [o.n.k.i.DiagnosticsManager]:  [bootstrap] /System/Library/Java/JavaVirtualMachines/1.6.0.jdk/Contents/Classes/sunrsasign.jar
2013-07-03 14:25:33.872+0000 INFO  [o.n.k.i.DiagnosticsManager]:  [loader.0] file:/Users/chrisfitzpatrick/.rvm/gems/jruby-1.7.2@beacon/gems/neo4j-enterprise-1.9-java/lib/neo4j-enterprise/jars/log4j-1.2.16.jar
2013-07-03 14:25:33.872+0000 INFO  [o.n.k.i.DiagnosticsManager]:  [loader.0] file:/Users/chrisfitzpatrick/.rvm/gems/jruby-1.7.2@beacon/gems/neo4j-community-1.9-java/lib/neo4j-community/jars/neo4j-kernel-1.9.jar
2013-07-03 14:25:33.872+0000 INFO  [o.n.k.i.DiagnosticsManager]:  [loader.0] file:/Users/chrisfitzpatrick/.rvm/gems/jruby-1.7.2@beacon/gems/neo4j-community-1.9-java/lib/neo4j-community/jars/neo4j-graph-algo-1.9.jar
2013-07-03 14:25:33.872+0000 INFO  [o.n.k.i.DiagnosticsManager]:  [bootstrap] /Users/chrisfitzpatrick/.rvm/rubies/jruby-1.7.2/lib/jruby.jar
2013-07-03 14:25:33.873+0000 INFO  [o.n.k.i.DiagnosticsManager]:  [loader.0] file:/Users/chrisfitzpatrick/.rvm/gems/jruby-1.7.2@beacon/gems/neo4j-community-1.9-java/lib/neo4j-community/jars/neo4j-shell-1.9.jar
2013-07-03 14:25:33.873+0000 INFO  [o.n.k.i.DiagnosticsManager]:  [loader.0] file:/Users/chrisfitzpatrick/.rvm/gems/jruby-1.7.2@beacon/gems/neo4j-community-1.9-java/lib/neo4j-community/jars/neo4j-lucene-index-1.9.jar
2013-07-03 14:25:33.873+0000 INFO  [o.n.k.i.DiagnosticsManager]:  [loader.0] file:/Users/chrisfitzpatrick/.rvm/gems/jruby-1.7.2@beacon/gems/neo4j-enterprise-1.9-java/lib/neo4j-enterprise/jars/neo4j-cluster-1.9.jar
2013-07-03 14:25:33.873+0000 INFO  [o.n.k.i.DiagnosticsManager]:  [loader.2] file:/System/Library/Java/Extensions/j3dutils.jar
2013-07-03 14:25:33.873+0000 INFO  [o.n.k.i.DiagnosticsManager]:  [loader.2] file:/System/Library/Java/Extensions/jai_core.jar
2013-07-03 14:25:33.873+0000 INFO  [o.n.k.i.DiagnosticsManager]:  [loader.0] file:/Users/chrisfitzpatrick/.rvm/gems/jruby-1.7.2@beacon/gems/torquebox-messaging-2.3.0-java/lib/hornetq-core-2.2.21.Final.jar
2013-07-03 14:25:33.873+0000 INFO  [o.n.k.i.DiagnosticsManager]:  [loader.0] file:/Users/chrisfitzpatrick/.rvm/gems/jruby-1.7.2@beacon/gems/torquebox-cache-2.3.0-java/lib/torquebox-cache.jar
2013-07-03 14:25:33.873+0000 INFO  [o.n.k.i.DiagnosticsManager]:  [loader.0] file:/Users/chrisfitzpatrick/.rvm/gems/jruby-1.7.2@beacon/gems/json-1.8.0-java/lib/json/ext/generator.jar
2013-07-03 14:25:33.873+0000 INFO  [o.n.k.i.DiagnosticsManager]:  [loader.0] file:/Users/chrisfitzpatrick/.rvm/gems/jruby-1.7.2@beacon/gems/neo4j-enterprise-1.9-java/lib/neo4j-enterprise/jars/zookeeper-3.3.2.jar
2013-07-03 14:25:33.873+0000 INFO  [o.n.k.i.DiagnosticsManager]:  [loader.2] file:/System/Library/Java/Extensions/jai_codec.jar
2013-07-03 14:25:33.873+0000 INFO  [o.n.k.i.DiagnosticsManager]:  [loader.0] file:/Users/chrisfitzpatrick/.rvm/gems/jruby-1.7.2@beacon/gems/json-1.8.0-java/lib/json/ext/parser.jar
2013-07-03 14:25:33.873+0000 INFO  [o.n.k.i.DiagnosticsManager]:  [loader.0] file:/Users/chrisfitzpatrick/.rvm/gems/jruby-1.7.2@beacon/gems/neo4j-enterprise-1.9-java/lib/neo4j-enterprise/jars/server-api-1.9.jar
2013-07-03 14:25:33.873+0000 INFO  [o.n.k.i.DiagnosticsManager]:  [loader.0] file:/Users/chrisfitzpatrick/.rvm/gems/jruby-1.7.2@beacon/gems/torquebox-core-2.3.0-java/lib/torquebox-core.jar
2013-07-03 14:25:33.873+0000 INFO  [o.n.k.i.DiagnosticsManager]:  [loader.2] file:/System/Library/Java/JavaVirtualMachines/1.6.0.jdk/Contents/Home/lib/ext/sunjce_provider.jar
2013-07-03 14:25:33.873+0000 INFO  [o.n.k.i.DiagnosticsManager]:  [loader.0] file:/Users/chrisfitzpatrick/.rvm/gems/jruby-1.7.2@beacon/gems/torquebox-server-2.3.0-java/lib/torquebox-server.jar
2013-07-03 14:25:33.873+0000 INFO  [o.n.k.i.DiagnosticsManager]:  [loader.0] file:/Users/chrisfitzpatrick/.rvm/gems/jruby-1.7.2@beacon/gems/neo4j-enterprise-1.9-java/lib/neo4j-enterprise/jars/logback-core-0.9.30.jar
2013-07-03 14:25:33.873+0000 INFO  [o.n.k.i.DiagnosticsManager]:  [loader.0] file:/Users/chrisfitzpatrick/.rvm/gems/jruby-1.7.2@global/gems/bouncy-castle-java-1.5.0147/lib/bcprov-jdk15on-147.jar
2013-07-03 14:25:33.873+0000 INFO  [o.n.k.i.DiagnosticsManager]:  [loader.0] file:/Users/chrisfitzpatrick/.rvm/gems/jruby-1.7.2@beacon/gems/torquebox-messaging-2.3.0-java/lib/netty-3.2.6.Final.jar
2013-07-03 14:25:33.873+0000 INFO  [o.n.k.i.DiagnosticsManager]:  [loader.0] file:/Users/chrisfitzpatrick/.rvm/gems/jruby-1.7.2@beacon/gems/neo4j-enterprise-1.9-java/lib/neo4j-enterprise/jars/neo4j-ha-1.9.jar
2013-07-03 14:25:33.873+0000 INFO  [o.n.k.i.DiagnosticsManager]:  [loader.0] file:/Users/chrisfitzpatrick/.rvm/gems/jruby-1.7.2@beacon/gems/neo4j-community-1.9-java/lib/neo4j-community/jars/neo4j-graph-matching-1.9.jar
2013-07-03 14:25:33.873+0000 INFO  [o.n.k.i.DiagnosticsManager]:  [bootstrap] /System/Library/Java/JavaVirtualMachines/1.6.0.jdk/Contents/Home/lib/jce.jar
2013-07-03 14:25:33.873+0000 INFO  [o.n.k.i.DiagnosticsManager]:  [bootstrap] /System/Library/Java/JavaVirtualMachines/1.6.0.jdk/Contents/Classes/jsse.jar
2013-07-03 14:25:33.873+0000 INFO  [o.n.k.i.DiagnosticsManager]:  [loader.0] file:/Users/chrisfitzpatrick/.rvm/gems/jruby-1.7.2@beacon/gems/neo4j-community-1.9-java/lib/neo4j-community/jars/org.apache.servicemix.bundles.jline-0.9.94_1.jar
2013-07-03 14:25:33.873+0000 INFO  [o.n.k.i.DiagnosticsManager]:  [loader.0] file:/Users/chrisfitzpatrick/.rvm/gems/jruby-1.7.2@beacon/gems/neo4j-community-1.9-java/lib/neo4j-community/jars/server-api-1.9.jar
2013-07-03 14:25:33.873+0000 INFO  [o.n.k.i.DiagnosticsManager]:  [loader.0] file:/Users/chrisfitzpatrick/.rvm/gems/jruby-1.7.2@beacon/gems/neo4j-community-1.9-java/lib/neo4j-community/jars/geronimo-jta_1.1_spec-1.1.1.jar
2013-07-03 14:25:33.873+0000 INFO  [o.n.k.i.DiagnosticsManager]:  [loader.0] file:/Users/chrisfitzpatrick/.rvm/gems/jruby-1.7.2@beacon/gems/neo4j-community-1.9-java/lib/neo4j-community/jars/neo4j-udc-1.9.jar
2013-07-03 14:25:33.873+0000 INFO  [o.n.k.i.DiagnosticsManager]:  [loader.2] file:/System/Library/Java/Extensions/AppleScriptEngine.jar
2013-07-03 14:25:33.873+0000 INFO  [o.n.k.i.DiagnosticsManager]:  [loader.0] file:/Users/chrisfitzpatrick/.rvm/gems/jruby-1.7.2@beacon/gems/neo4j-community-1.9-java/lib/neo4j-community/jars/lucene-core-3.6.2.jar
2013-07-03 14:25:33.874+0000 INFO  [o.n.k.i.DiagnosticsManager]:  [loader.2] file:/System/Library/Java/JavaVirtualMachines/1.6.0.jdk/Contents/Home/lib/ext/apple_provider.jar
2013-07-03 14:25:33.874+0000 INFO  [o.n.k.i.DiagnosticsManager]:  [bootstrap] /System/Library/Java/JavaVirtualMachines/1.6.0.jdk/Contents/Classes/jsfd.jar
2013-07-03 14:25:33.874+0000 INFO  [o.n.k.i.DiagnosticsManager]:  [loader.2] file:/System/Library/Java/JavaVirtualMachines/1.6.0.jdk/Contents/Home/lib/ext/sunpkcs11.jar
2013-07-03 14:25:33.874+0000 INFO  [o.n.k.i.DiagnosticsManager]: Library path:
2013-07-03 14:25:33.874+0000 INFO  [o.n.k.i.DiagnosticsManager]: /Users/chrisfitzpatrick/code/neo4j-test-app
2013-07-03 14:25:33.874+0000 INFO  [o.n.k.i.DiagnosticsManager]: /Library/Java/Extensions
2013-07-03 14:25:33.874+0000 INFO  [o.n.k.i.DiagnosticsManager]: /System/Library/Java/Extensions
2013-07-03 14:25:33.874+0000 INFO  [o.n.k.i.DiagnosticsManager]: /usr/lib/java
2013-07-03 14:25:33.874+0000 INFO  [o.n.k.i.DiagnosticsManager]: System.properties:
2013-07-03 14:25:33.874+0000 INFO  [o.n.k.i.DiagnosticsManager]: jruby.home = /Users/chrisfitzpatrick/.rvm/rubies/jruby-1.7.2
2013-07-03 14:25:33.874+0000 INFO  [o.n.k.i.DiagnosticsManager]: sun.boot.library.path = /System/Library/Java/JavaVirtualMachines/1.6.0.jdk/Contents/Libraries
2013-07-03 14:25:33.874+0000 INFO  [o.n.k.i.DiagnosticsManager]: awt.nativeDoubleBuffering = true
2013-07-03 14:25:33.874+0000 INFO  [o.n.k.i.DiagnosticsManager]: gopherProxySet = false
2013-07-03 14:25:33.874+0000 INFO  [o.n.k.i.DiagnosticsManager]: mrj.build = 11M4406
2013-07-03 14:25:33.874+0000 INFO  [o.n.k.i.DiagnosticsManager]: path.separator = :
2013-07-03 14:25:33.874+0000 INFO  [o.n.k.i.DiagnosticsManager]: file.encoding.pkg = sun.io
2013-07-03 14:25:33.874+0000 INFO  [o.n.k.i.DiagnosticsManager]: sun.java.launcher = SUN_STANDARD
2013-07-03 14:25:33.874+0000 INFO  [o.n.k.i.DiagnosticsManager]: user.country = US
2013-07-03 14:25:33.874+0000 INFO  [o.n.k.i.DiagnosticsManager]: sun.os.patch.level = unknown
2013-07-03 14:25:33.874+0000 INFO  [o.n.k.i.DiagnosticsManager]: user.dir = /Users/chrisfitzpatrick/code/neo4j-test-app
2013-07-03 14:25:33.874+0000 INFO  [o.n.k.i.DiagnosticsManager]: neo4j.ext.udc.source = neo4rb
2013-07-03 14:25:33.875+0000 INFO  [o.n.k.i.DiagnosticsManager]: jdk.home = 
2013-07-03 14:25:33.875+0000 INFO  [o.n.k.i.DiagnosticsManager]: sun.jnu.encoding = MacRoman
2013-07-03 14:25:33.875+0000 INFO  [o.n.k.i.DiagnosticsManager]: sun.nio.ch.bugLevel = 
2013-07-03 14:25:33.875+0000 INFO  [o.n.k.i.DiagnosticsManager]: sun.management.compiler = HotSpot 64-Bit Tiered Compilers
2013-07-03 14:25:33.875+0000 INFO  [o.n.k.i.DiagnosticsManager]: http.nonProxyHosts = local|*.local|169.254/16|*.169.254/16
2013-07-03 14:25:33.875+0000 INFO  [o.n.k.i.DiagnosticsManager]: jffi.boot.library.path = /Users/chrisfitzpatrick/.rvm/rubies/jruby-1.7.2/lib/native:/Users/chrisfitzpatrick/.rvm/rubies/jruby-1.7.2/lib/native/Darwin
2013-07-03 14:25:33.875+0000 INFO  [o.n.k.i.DiagnosticsManager]: user.home = /Users/chrisfitzpatrick
2013-07-03 14:25:33.875+0000 INFO  [o.n.k.i.DiagnosticsManager]: user.timezone = Europe/Stockholm
2013-07-03 14:25:33.875+0000 INFO  [o.n.k.i.DiagnosticsManager]: file.encoding = UTF-8
2013-07-03 14:25:33.875+0000 INFO  [o.n.k.i.DiagnosticsManager]: jruby.script = jruby
2013-07-03 14:25:33.875+0000 INFO  [o.n.k.i.DiagnosticsManager]: user.name = chrisfitzpatrick
2013-07-03 14:25:33.875+0000 INFO  [o.n.k.i.DiagnosticsManager]: jruby.shell = /bin/sh
2013-07-03 14:25:33.875+0000 INFO  [o.n.k.i.DiagnosticsManager]: sun.java.command = org/jruby/Main script/rails c
2013-07-03 14:25:33.875+0000 INFO  [o.n.k.i.DiagnosticsManager]: sun.arch.data.model = 64
2013-07-03 14:25:33.875+0000 INFO  [o.n.k.i.DiagnosticsManager]: user.language = en
2013-07-03 14:25:33.875+0000 INFO  [o.n.k.i.DiagnosticsManager]: awt.toolkit = apple.awt.CToolkit
2013-07-03 14:25:33.875+0000 INFO  [o.n.k.i.DiagnosticsManager]: file.separator = /
2013-07-03 14:25:33.875+0000 INFO  [o.n.k.i.DiagnosticsManager]: sun.io.unicode.encoding = UnicodeLittle
2013-07-03 14:25:33.875+0000 INFO  [o.n.k.i.DiagnosticsManager]: sun.cpu.endian = little
2013-07-03 14:25:33.875+0000 INFO  [o.n.k.i.DiagnosticsManager]: mrj.version = 1070.1.6.0_45-451
2013-07-03 14:25:33.875+0000 INFO  [o.n.k.i.DiagnosticsManager]: socksNonProxyHosts = local|*.local|169.254/16|*.169.254/16
2013-07-03 14:25:33.875+0000 INFO  [o.n.k.i.DiagnosticsManager]: ftp.nonProxyHosts = local|*.local|169.254/16|*.169.254/16
2013-07-03 14:25:33.875+0000 INFO  [o.n.k.i.DiagnosticsManager]: sun.cpu.isalist = 
2013-07-03 14:25:33.875+0000 INFO  [o.n.k.i.DiagnosticsManager]: Network information:
2013-07-03 14:25:33.876+0000 INFO  [o.n.k.i.DiagnosticsManager]: Interface en1:
2013-07-03 14:25:33.876+0000 INFO  [o.n.k.i.DiagnosticsManager]:     address: fe80:0:0:0:7ec3:a1ff:fe86:b60b%4
2013-07-03 14:25:33.876+0000 INFO  [o.n.k.i.DiagnosticsManager]:     address: 195.178.246.174
2013-07-03 14:25:33.876+0000 INFO  [o.n.k.i.DiagnosticsManager]: Interface lo0:
2013-07-03 14:25:33.876+0000 INFO  [o.n.k.i.DiagnosticsManager]:     address: 0:0:0:0:0:0:0:1
2013-07-03 14:25:33.876+0000 INFO  [o.n.k.i.DiagnosticsManager]:     address: fe80:0:0:0:0:0:0:1%1
2013-07-03 14:25:33.876+0000 INFO  [o.n.k.i.DiagnosticsManager]:     address: 127.0.0.1
2013-07-03 14:25:33.876+0000 INFO  [o.n.k.i.DiagnosticsManager]: --- INITIALIZED diagnostics END ---
2013-07-03 14:25:33.904+0000 INFO  [o.n.k.i.n.s.StoreFactory]: /Users/chrisfitzpatrick/code/neo4j-test-app/db/ha_neo_2/temp-copy/neostore.relationshiptypestore.db.names non clean shutdown detected
2013-07-03 14:25:33.904+0000 INFO  [o.n.k.i.n.s.StoreFactory]: [/Users/chrisfitzpatrick/code/neo4j-test-app/db/ha_neo_2/temp-copy/neostore.relationshiptypestore.db.names] brickCount=0 brickSize=0b mappedMem=0b (storeSize=114b)
2013-07-03 14:25:33.905+0000 INFO  [o.n.k.i.n.s.StoreFactory]: /Users/chrisfitzpatrick/code/neo4j-test-app/db/ha_neo_2/temp-copy/neostore.relationshiptypestore.db non clean shutdown detected
2013-07-03 14:25:33.905+0000 INFO  [o.n.k.i.n.s.StoreFactory]: [/Users/chrisfitzpatrick/code/neo4j-test-app/db/ha_neo_2/temp-copy/neostore.relationshiptypestore.db] brickCount=0 brickSize=0b mappedMem=0b (storeSize=10b)
2013-07-03 14:25:33.905+0000 INFO  [o.n.k.i.n.s.StoreFactory]: /Users/chrisfitzpatrick/code/neo4j-test-app/db/ha_neo_2/temp-copy/neostore.propertystore.db.strings non clean shutdown detected
2013-07-03 14:25:33.905+0000 INFO  [o.n.k.i.n.s.StoreFactory]: [/Users/chrisfitzpatrick/code/neo4j-test-app/db/ha_neo_2/temp-copy/neostore.propertystore.db.strings] brickCount=0 brickSize=333440b mappedMem=333447168b (storeSize=128b)
2013-07-03 14:25:33.906+0000 INFO  [o.n.k.i.n.s.StoreFactory]: /Users/chrisfitzpatrick/code/neo4j-test-app/db/ha_neo_2/temp-copy/neostore.propertystore.db.index.keys non clean shutdown detected
2013-07-03 14:25:33.906+0000 INFO  [o.n.k.i.n.s.StoreFactory]: [/Users/chrisfitzpatrick/code/neo4j-test-app/db/ha_neo_2/temp-copy/neostore.propertystore.db.index.keys] brickCount=0 brickSize=0b mappedMem=0b (storeSize=190b)
2013-07-03 14:25:33.906+0000 INFO  [o.n.k.i.n.s.StoreFactory]: /Users/chrisfitzpatrick/code/neo4j-test-app/db/ha_neo_2/temp-copy/neostore.propertystore.db.index non clean shutdown detected
2013-07-03 14:25:33.907+0000 INFO  [o.n.k.i.n.s.StoreFactory]: [/Users/chrisfitzpatrick/code/neo4j-test-app/db/ha_neo_2/temp-copy/neostore.propertystore.db.index] brickCount=0 brickSize=0b mappedMem=0b (storeSize=36b)
2013-07-03 14:25:33.907+0000 INFO  [o.n.k.i.n.s.StoreFactory]: /Users/chrisfitzpatrick/code/neo4j-test-app/db/ha_neo_2/temp-copy/neostore.propertystore.db.arrays non clean shutdown detected
2013-07-03 14:25:33.907+0000 INFO  [o.n.k.i.n.s.StoreFactory]: [/Users/chrisfitzpatrick/code/neo4j-test-app/db/ha_neo_2/temp-copy/neostore.propertystore.db.arrays] brickCount=0 brickSize=378496b mappedMem=378535936b (storeSize=128b)
2013-07-03 14:25:33.911+0000 INFO  [o.n.k.i.n.s.StoreFactory]: /Users/chrisfitzpatrick/code/neo4j-test-app/db/ha_neo_2/temp-copy/neostore.propertystore.db non clean shutdown detected
2013-07-03 14:25:33.912+0000 INFO  [o.n.k.i.n.s.StoreFactory]: [/Users/chrisfitzpatrick/code/neo4j-test-app/db/ha_neo_2/temp-copy/neostore.propertystore.db] brickCount=0 brickSize=393190b mappedMem=393216000b (storeSize=123b)
2013-07-03 14:25:33.912+0000 INFO  [o.n.k.i.n.s.StoreFactory]: /Users/chrisfitzpatrick/code/neo4j-test-app/db/ha_neo_2/temp-copy/neostore.relationshipstore.db non clean shutdown detected
2013-07-03 14:25:33.912+0000 INFO  [o.n.k.i.n.s.StoreFactory]: [/Users/chrisfitzpatrick/code/neo4j-test-app/db/ha_neo_2/temp-copy/neostore.relationshipstore.db] brickCount=0 brickSize=481272b mappedMem=481296384b (storeSize=66b)
2013-07-03 14:25:33.912+0000 INFO  [o.n.k.i.n.s.StoreFactory]: /Users/chrisfitzpatrick/code/neo4j-test-app/db/ha_neo_2/temp-copy/neostore.nodestore.db non clean shutdown detected
2013-07-03 14:25:33.913+0000 INFO  [o.n.k.i.n.s.StoreFactory]: [/Users/chrisfitzpatrick/code/neo4j-test-app/db/ha_neo_2/temp-copy/neostore.nodestore.db] brickCount=0 brickSize=109044b mappedMem=109051904b (storeSize=27b)
2013-07-03 14:25:33.913+0000 INFO  [o.n.k.i.n.s.StoreFactory]: /Users/chrisfitzpatrick/code/neo4j-test-app/db/ha_neo_2/temp-copy/neostore non clean shutdown detected
2013-07-03 14:25:33.913+0000 INFO  [o.n.k.i.n.s.StoreFactory]: [/Users/chrisfitzpatrick/code/neo4j-test-app/db/ha_neo_2/temp-copy/neostore] brickCount=0 brickSize=0b mappedMem=0b (storeSize=54b)
2013-07-03 14:25:33.914+0000 INFO  [o.n.k.i.t.x.XaLogicalLog]: Opened logical log [/Users/chrisfitzpatrick/code/neo4j-test-app/db/ha_neo_2/temp-copy/nioneo_logical.log.1] version=4, lastTxId=5 (clean)
2013-07-03 14:25:33.916+0000 INFO  [o.n.k.i.n.s.StoreFactory]: /Users/chrisfitzpatrick/code/neo4j-test-app/db/ha_neo_2/temp-copy/neostore.relationshiptypestore.db.names rebuild id generator, highId=3 defragged count=0
2013-07-03 14:25:33.919+0000 INFO  [o.n.k.i.n.s.StoreFactory]: /Users/chrisfitzpatrick/code/neo4j-test-app/db/ha_neo_2/temp-copy/neostore.propertystore.db.index.keys rebuild id generator, highId=5 defragged count=0
2013-07-03 14:25:33.920+0000 INFO  [o.n.k.i.n.s.StoreFactory]: /Users/chrisfitzpatrick/code/neo4j-test-app/db/ha_neo_2/temp-copy/neostore.propertystore.db.index rebuild id generator, highId=4 defragged count=0
2013-07-03 14:25:33.922+0000 INFO  [o.n.k.i.n.s.StoreFactory]: /Users/chrisfitzpatrick/code/neo4j-test-app/db/ha_neo_2/temp-copy/neostore.propertystore.db.strings rebuild id generator, highId=1 defragged count=0
2013-07-03 14:25:33.923+0000 INFO  [o.n.k.i.n.s.StoreFactory]: /Users/chrisfitzpatrick/code/neo4j-test-app/db/ha_neo_2/temp-copy/neostore.propertystore.db.arrays rebuild id generator, highId=1 defragged count=0
2013-07-03 14:25:33.926+0000 INFO  [o.n.k.i.n.s.StoreFactory]: /Users/chrisfitzpatrick/code/neo4j-test-app/db/ha_neo_2/temp-copy/neostore.propertystore.db rebuild id generator, highId=3 defragged count=0
2013-07-03 14:25:33.928+0000 INFO  [o.n.k.i.n.s.StoreFactory]: /Users/chrisfitzpatrick/code/neo4j-test-app/db/ha_neo_2/temp-copy/neostore.relationshipstore.db rebuild id generator, highId=2 defragged count=0
2013-07-03 14:25:33.929+0000 INFO  [o.n.k.i.n.s.StoreFactory]: /Users/chrisfitzpatrick/code/neo4j-test-app/db/ha_neo_2/temp-copy/neostore.nodestore.db rebuild id generator, highId=3 defragged count=0
2013-07-03 14:25:33.930+0000 INFO  [o.n.k.i.n.s.StoreFactory]: /Users/chrisfitzpatrick/code/neo4j-test-app/db/ha_neo_2/temp-copy/neostore rebuild id generator, highId=6 defragged count=0
2013-07-03 14:25:33.932+0000 INFO  [o.n.k.i.t.TxManager]: TM new log: tm_tx_log.1
2013-07-03 14:25:33.943+0000 INFO  [o.n.b.BackupServer]: BackupServer communication server started and bound to /0.0.0.0:6362
2013-07-03 14:25:33.945+0000 INFO  [o.n.k.i.t.x.XaLogicalLog]: Opened logical log [/Users/chrisfitzpatrick/code/neo4j-test-app/db/ha_neo_2/temp-copy/index/lucene.log.1] version=4, lastTxId=1 (clean)
2013-07-03 14:25:33.948+0000 INFO  [o.n.k.i.DiagnosticsManager]: --- STARTED diagnostics for KernelDiagnostics:Versions START ---
2013-07-03 14:25:33.948+0000 INFO  [o.n.k.i.DiagnosticsManager]: Graph Database: org.neo4j.kernel.EmbeddedGraphDatabase StoreId[time:1372855056551, id:-6379983795609775819, store version: 13561656364791302]
2013-07-03 14:25:33.948+0000 INFO  [o.n.k.i.DiagnosticsManager]: Kernel version: Neo4j - Graph Database Kernel 1.9
2013-07-03 14:25:33.948+0000 INFO  [o.n.k.i.DiagnosticsManager]: Neo4j component versions:
2013-07-03 14:25:33.949+0000 INFO  [o.n.k.i.DiagnosticsManager]:   Neo4j - Graph Database Kernel 1.9
2013-07-03 14:25:33.949+0000 INFO  [o.n.k.i.DiagnosticsManager]: --- STARTED diagnostics for KernelDiagnostics:Versions END ---
2013-07-03 14:25:33.970+0000 INFO  [o.n.k.i.DiagnosticsManager]: --- STARTED diagnostics for NEO_STORE_VERSIONS START ---
2013-07-03 14:25:33.971+0000 INFO  [o.n.k.i.DiagnosticsManager]: Store versions:
2013-07-03 14:25:33.971+0000 INFO  [o.n.k.i.DiagnosticsManager]: Store versions:
2013-07-03 14:25:33.971+0000 INFO  [o.n.k.i.DiagnosticsManager]:   NeoStore v0.A.0
2013-07-03 14:25:33.971+0000 INFO  [o.n.k.i.DiagnosticsManager]:   NodeStore v0.A.0
2013-07-03 14:25:33.971+0000 INFO  [o.n.k.i.DiagnosticsManager]:   RelationshipStore v0.A.0
2013-07-03 14:25:33.971+0000 INFO  [o.n.k.i.DiagnosticsManager]:   RelationshipTypeStore v0.A.0
2013-07-03 14:25:33.971+0000 INFO  [o.n.k.i.DiagnosticsManager]:   PropertyStore v0.A.0
2013-07-03 14:25:33.971+0000 INFO  [o.n.k.i.DiagnosticsManager]:   PropertyIndexStore v0.A.0
2013-07-03 14:25:33.971+0000 INFO  [o.n.k.i.DiagnosticsManager]:   StringPropertyStore v0.A.0
2013-07-03 14:25:33.971+0000 INFO  [o.n.k.i.DiagnosticsManager]:   ArrayPropertyStore v0.A.0
2013-07-03 14:25:33.971+0000 INFO  [o.n.k.i.DiagnosticsManager]: --- STARTED diagnostics for NEO_STORE_VERSIONS END ---
2013-07-03 14:25:33.971+0000 INFO  [o.n.k.i.DiagnosticsManager]: --- STARTED diagnostics for NEO_STORE_ID_USAGE START ---
2013-07-03 14:25:33.972+0000 INFO  [o.n.k.i.DiagnosticsManager]: Id usage:
2013-07-03 14:25:33.972+0000 INFO  [o.n.k.i.DiagnosticsManager]: Id usage:
2013-07-03 14:25:33.972+0000 INFO  [o.n.k.i.DiagnosticsManager]:   NodeStore: used=3 high=2
2013-07-03 14:25:33.972+0000 INFO  [o.n.k.i.DiagnosticsManager]:   RelationshipStore: used=2 high=1
2013-07-03 14:25:33.972+0000 INFO  [o.n.k.i.DiagnosticsManager]:   RelationshipTypeStore: used=2 high=1
2013-07-03 14:25:33.972+0000 INFO  [o.n.k.i.DiagnosticsManager]:   PropertyStore: used=3 high=2
2013-07-03 14:25:33.972+0000 INFO  [o.n.k.i.DiagnosticsManager]:   PropertyIndexStore: used=4 high=3
2013-07-03 14:25:33.972+0000 INFO  [o.n.k.i.DiagnosticsManager]:   StringPropertyStore: used=1 high=0
2013-07-03 14:25:33.972+0000 INFO  [o.n.k.i.DiagnosticsManager]:   ArrayPropertyStore: used=1 high=0
2013-07-03 14:25:33.972+0000 INFO  [o.n.k.i.DiagnosticsManager]: --- STARTED diagnostics for NEO_STORE_ID_USAGE END ---
2013-07-03 14:25:33.973+0000 INFO  [o.n.k.i.DiagnosticsManager]: --- STARTED diagnostics for PERSISTENCE_WINDOW_POOL_STATS START ---
2013-07-03 14:25:33.973+0000 INFO  [o.n.k.i.DiagnosticsManager]: --- STARTED diagnostics for PERSISTENCE_WINDOW_POOL_STATS END ---
2013-07-03 14:25:33.973+0000 INFO  [o.n.k.i.DiagnosticsManager]: --- STARTED diagnostics for KernelDiagnostics:StoreFiles START ---
2013-07-03 14:25:33.973+0000 INFO  [o.n.k.i.DiagnosticsManager]: Disk space on partition (Total / Free / Free %): 250140434432 / 56265302016 / 22
Storage files: (filename : modification date - size)
2013-07-03 14:25:33.974+0000 INFO  [o.n.k.i.DiagnosticsManager]:   active_tx_log: 2013-07-03T16:25:33+0200 - 11.00 B
2013-07-03 14:25:33.974+0000 INFO  [o.n.k.i.DiagnosticsManager]:   index:
2013-07-03 14:25:33.974+0000 INFO  [o.n.k.i.DiagnosticsManager]:     lucene-store.db: 2013-07-03T16:25:33+0200 - 40.00 B
2013-07-03 14:25:33.974+0000 INFO  [o.n.k.i.DiagnosticsManager]:     lucene.log.1: 2013-07-03T16:25:33+0200 - 16.00 B
2013-07-03 14:25:33.975+0000 INFO  [o.n.k.i.DiagnosticsManager]:     lucene.log.active: 2013-07-03T16:25:33+0200 - 4.00 B
2013-07-03 14:25:33.975+0000 INFO  [o.n.k.i.DiagnosticsManager]:   - Total: 2013-07-03T16:25:33+0200 - 60.00 B
2013-07-03 14:25:33.975+0000 INFO  [o.n.k.i.DiagnosticsManager]:   lock: 2013-07-03T16:25:33+0200 - 0.00 B
2013-07-03 14:25:33.975+0000 INFO  [o.n.k.i.DiagnosticsManager]:   messages.log: 2013-07-03T16:25:33+0200 - 35.83 kB
2013-07-03 14:25:33.975+0000 INFO  [o.n.k.i.DiagnosticsManager]:   neostore: 2013-07-03T16:25:33+0200 - 54.00 B
2013-07-03 14:25:33.976+0000 INFO  [o.n.k.i.DiagnosticsManager]:   neostore.id: 2013-07-03T16:25:33+0200 - 9.00 B
2013-07-03 14:25:33.976+0000 INFO  [o.n.k.i.DiagnosticsManager]:   neostore.nodestore.db: 2013-07-03T16:25:33+0200 - 27.00 B
2013-07-03 14:25:33.976+0000 INFO  [o.n.k.i.DiagnosticsManager]:   neostore.nodestore.db.id: 2013-07-03T16:25:33+0200 - 9.00 B
2013-07-03 14:25:33.976+0000 INFO  [o.n.k.i.DiagnosticsManager]:   neostore.propertystore.db: 2013-07-03T16:25:33+0200 - 123.00 B
2013-07-03 14:25:33.977+0000 INFO  [o.n.k.i.DiagnosticsManager]:   neostore.propertystore.db.arrays: 2013-07-03T16:25:33+0200 - 128.00 B
2013-07-03 14:25:33.977+0000 INFO  [o.n.k.i.DiagnosticsManager]:   neostore.propertystore.db.arrays.id: 2013-07-03T16:25:33+0200 - 9.00 B
2013-07-03 14:25:33.977+0000 INFO  [o.n.k.i.DiagnosticsManager]:   neostore.propertystore.db.id: 2013-07-03T16:25:33+0200 - 9.00 B
2013-07-03 14:25:33.977+0000 INFO  [o.n.k.i.DiagnosticsManager]:   neostore.propertystore.db.index: 2013-07-03T16:25:33+0200 - 36.00 B
2013-07-03 14:25:33.978+0000 INFO  [o.n.k.i.DiagnosticsManager]:   neostore.propertystore.db.index.id: 2013-07-03T16:25:33+0200 - 9.00 B
2013-07-03 14:25:33.978+0000 INFO  [o.n.k.i.DiagnosticsManager]:   neostore.propertystore.db.index.keys: 2013-07-03T16:25:33+0200 - 190.00 B
2013-07-03 14:25:33.978+0000 INFO  [o.n.k.i.DiagnosticsManager]:   neostore.propertystore.db.index.keys.id: 2013-07-03T16:25:33+0200 - 9.00 B
2013-07-03 14:25:33.978+0000 INFO  [o.n.k.i.DiagnosticsManager]:   neostore.propertystore.db.strings: 2013-07-03T16:25:33+0200 - 128.00 B
2013-07-03 14:25:33.979+0000 INFO  [o.n.k.i.DiagnosticsManager]:   neostore.propertystore.db.strings.id: 2013-07-03T16:25:33+0200 - 9.00 B
2013-07-03 14:25:33.979+0000 INFO  [o.n.k.i.DiagnosticsManager]:   neostore.relationshipstore.db: 2013-07-03T16:25:33+0200 - 66.00 B
2013-07-03 14:25:33.979+0000 INFO  [o.n.k.i.DiagnosticsManager]:   neostore.relationshipstore.db.id: 2013-07-03T16:25:33+0200 - 9.00 B
2013-07-03 14:25:33.979+0000 INFO  [o.n.k.i.DiagnosticsManager]:   neostore.relationshiptypestore.db: 2013-07-03T16:25:33+0200 - 10.00 B
2013-07-03 14:25:33.980+0000 INFO  [o.n.k.i.DiagnosticsManager]:   neostore.relationshiptypestore.db.id: 2013-07-03T16:25:33+0200 - 9.00 B
2013-07-03 14:25:33.980+0000 INFO  [o.n.k.i.DiagnosticsManager]:   neostore.relationshiptypestore.db.names: 2013-07-03T16:25:33+0200 - 114.00 B
2013-07-03 14:25:33.980+0000 INFO  [o.n.k.i.DiagnosticsManager]:   neostore.relationshiptypestore.db.names.id: 2013-07-03T16:25:33+0200 - 9.00 B
2013-07-03 14:25:33.980+0000 INFO  [o.n.k.i.DiagnosticsManager]:   nioneo_logical.log.1: 2013-07-03T16:25:33+0200 - 16.00 B
2013-07-03 14:25:33.981+0000 INFO  [o.n.k.i.DiagnosticsManager]:   nioneo_logical.log.active: 2013-07-03T16:25:33+0200 - 4.00 B
2013-07-03 14:25:33.981+0000 INFO  [o.n.k.i.DiagnosticsManager]:   nioneo_logical.log.v0: 2013-07-03T16:25:33+0200 - 369.00 B
2013-07-03 14:25:33.981+0000 INFO  [o.n.k.i.DiagnosticsManager]:   nioneo_logical.log.v1: 2013-07-03T16:25:33+0200 - 16.00 B
2013-07-03 14:25:33.981+0000 INFO  [o.n.k.i.DiagnosticsManager]:   nioneo_logical.log.v2: 2013-07-03T16:25:33+0200 - 876.00 B
2013-07-03 14:25:33.982+0000 INFO  [o.n.k.i.DiagnosticsManager]:   nioneo_logical.log.v3: 2013-07-03T16:25:33+0200 - 16.00 B
2013-07-03 14:25:33.982+0000 INFO  [o.n.k.i.DiagnosticsManager]:   store_lock: 2013-07-03T16:25:33+0200 - 0.00 B
2013-07-03 14:25:33.982+0000 INFO  [o.n.k.i.DiagnosticsManager]:   tm_tx_log.1: 2013-07-03T16:25:33+0200 - 0.00 B
2013-07-03 14:25:33.982+0000 INFO  [o.n.k.i.DiagnosticsManager]: --- STARTED diagnostics for KernelDiagnostics:StoreFiles END ---
2013-07-03 14:25:33.982+0000 INFO  [o.n.k.EmbeddedGraphDatabase]: Started - database is now available
2013-07-03 14:25:33.983+0000 INFO  [o.n.k.EmbeddedGraphDatabase]: GC Monitor started. 
2013-07-03 14:25:33.990+0000 INFO  [o.n.k.EmbeddedGraphDatabase]: Stopping - database is now unavailable
2013-07-03 14:25:33.990+0000 INFO  [o.n.k.EmbeddedGraphDatabase]: GC Monitor stopped. 
2013-07-03 14:25:33.992+0000 INFO  [o.n.k.i.t.x.XaLogicalLog]: Closed log /Users/chrisfitzpatrick/code/neo4j-test-app/db/ha_neo_2/temp-copy/index/lucene.log
2013-07-03 14:25:33.999+0000 INFO  [o.n.k.i.t.TxManager]: TM shutting down
2013-07-03 14:25:33.999+0000 INFO  [o.n.k.i.t.x.XaLogicalLog]: Closed log /Users/chrisfitzpatrick/code/neo4j-test-app/db/ha_neo_2/temp-copy/nioneo_logical.log
2013-07-03 14:25:34.000+0000 INFO  [o.n.k.i.n.s.StoreFactory]: /Users/chrisfitzpatrick/code/neo4j-test-app/db/ha_neo_2/temp-copy/neostore.relationshiptypestore.db.names hit=0 miss=4 switches=0 ooe=0
2013-07-03 14:25:34.000+0000 INFO  [o.n.k.i.n.s.StoreFactory]: /Users/chrisfitzpatrick/code/neo4j-test-app/db/ha_neo_2/temp-copy/neostore.relationshiptypestore.db hit=0 miss=2 switches=0 ooe=0
2013-07-03 14:25:34.001+0000 INFO  [o.n.k.i.n.s.StoreFactory]: /Users/chrisfitzpatrick/code/neo4j-test-app/db/ha_neo_2/temp-copy/neostore.propertystore.db.strings hit=0 miss=0 switches=0 ooe=0
2013-07-03 14:25:34.002+0000 INFO  [o.n.k.i.n.s.StoreFactory]: /Users/chrisfitzpatrick/code/neo4j-test-app/db/ha_neo_2/temp-copy/neostore.propertystore.db.index.keys hit=0 miss=8 switches=0 ooe=0
2013-07-03 14:25:34.002+0000 INFO  [o.n.k.i.n.s.StoreFactory]: /Users/chrisfitzpatrick/code/neo4j-test-app/db/ha_neo_2/temp-copy/neostore.propertystore.db.index hit=0 miss=4 switches=0 ooe=0
2013-07-03 14:25:34.003+0000 INFO  [o.n.k.i.n.s.StoreFactory]: /Users/chrisfitzpatrick/code/neo4j-test-app/db/ha_neo_2/temp-copy/neostore.propertystore.db.arrays hit=0 miss=0 switches=0 ooe=0
2013-07-03 14:25:34.004+0000 INFO  [o.n.k.i.n.s.StoreFactory]: /Users/chrisfitzpatrick/code/neo4j-test-app/db/ha_neo_2/temp-copy/neostore.propertystore.db hit=0 miss=0 switches=0 ooe=0
2013-07-03 14:25:34.005+0000 INFO  [o.n.k.i.n.s.StoreFactory]: /Users/chrisfitzpatrick/code/neo4j-test-app/db/ha_neo_2/temp-copy/neostore.relationshipstore.db hit=0 miss=0 switches=0 ooe=0
2013-07-03 14:25:34.006+0000 INFO  [o.n.k.i.n.s.StoreFactory]: /Users/chrisfitzpatrick/code/neo4j-test-app/db/ha_neo_2/temp-copy/neostore.nodestore.db hit=0 miss=0 switches=0 ooe=0
2013-07-03 14:25:34.007+0000 INFO  [o.n.k.i.n.s.StoreFactory]: /Users/chrisfitzpatrick/code/neo4j-test-app/db/ha_neo_2/temp-copy/neostore hit=0 miss=16 switches=0 ooe=0
2013-07-03 14:25:34.008+0000 INFO  [o.n.k.i.n.x.NeoStoreXaDataSource]: NeoStore closed
2013-07-03 14:25:34.008+0000 INFO  [o.n.k.i.DiagnosticsManager]: --- STOPPING diagnostics START ---
2013-07-03 14:25:34.008+0000 INFO  [o.n.k.i.DiagnosticsManager]: --- STOPPING diagnostics END ---
